# JRE version: OpenJDK Runtime Environment (8.0_152-b02) (build 1.8.0_152-release-1024-b02)
# Java VM: OpenJDK 64-Bit Server VM (25.152-b02 mixed mode windows-amd64 compressed oops)
Heap:
 PSYoungGen      total 167424K, used 52129K [0x00000000e0000000, 0x00000000ebd00000, 0x0000000100000000)
  eden space 153600K, 24% used [0x00000000e0000000,0x00000000e256cbe0,0x00000000e9600000)
  from space 13824K, 99% used [0x00000000ea700000,0x00000000eb47bbe8,0x00000000eb480000)
  to   space 17408K, 0% used [0x00000000e9600000,0x00000000e9600000,0x00000000ea700000)
 ParOldGen       total 74240K, used 23880K [0x00000000a0000000, 0x00000000a4880000, 0x00000000e0000000)
  object space 74240K, 32% used [0x00000000a0000000,0x00000000a17520e0,0x00000000a4880000)
 Metaspace       used 53675K, capacity 55336K, committed 55640K, reserved 1097728K
  class space    used 7365K, capacity 7775K, committed 7808K, reserved 1048576K
GC Heap History (10 events):
Event: 21.998 GC heap before
{Heap before GC invocations=8 (full 1):
 PSYoungGen      total 69632K, used 66932K [0x00000000e0000000, 0x00000000e5180000, 0x0000000100000000)
  eden space 62976K, 100% used [0x00000000e0000000,0x00000000e3d80000,0x00000000e3d80000)
  from space 6656K, 59% used [0x00000000e4b00000,0x00000000e4edd1e8,0x00000000e5180000)
  to   space 10240K, 0% used [0x00000000e3d80000,0x00000000e3d80000,0x00000000e4780000)
 ParOldGen       total 50176K, used 8235K [0x00000000a0000000, 0x00000000a3100000, 0x00000000e0000000)
  object space 50176K, 16% used [0x00000000a0000000,0x00000000a080ad08,0x00000000a3100000)
 Metaspace       used 28359K, capacity 28816K, committed 29056K, reserved 1075200K
  class space    used 3971K, capacity 4117K, committed 4224K, reserved 1048576K
Event: 22.010 GC heap after
Heap after GC invocations=8 (full 1):
 PSYoungGen      total 73216K, used 7197K [0x00000000e0000000, 0x00000000e8700000, 0x0000000100000000)
  eden space 62976K, 0% used [0x00000000e0000000,0x00000000e0000000,0x00000000e3d80000)
  from space 10240K, 70% used [0x00000000e3d80000,0x00000000e44875d8,0x00000000e4780000)
  to   space 10240K, 0% used [0x00000000e7d00000,0x00000000e7d00000,0x00000000e8700000)
 ParOldGen       total 50176K, used 8243K [0x00000000a0000000, 0x00000000a3100000, 0x00000000e0000000)
  object space 50176K, 16% used [0x00000000a0000000,0x00000000a080cd08,0x00000000a3100000)
 Metaspace       used 28359K, capacity 28816K, committed 29056K, reserved 1075200K
  class space    used 3971K, capacity 4117K, committed 4224K, reserved 1048576K
}
Event: 27.516 GC heap before
{Heap before GC invocations=9 (full 1):
 PSYoungGen      total 73216K, used 65627K [0x00000000e0000000, 0x00000000e8700000, 0x0000000100000000)
  eden space 62976K, 92% used [0x00000000e0000000,0x00000000e390f688,0x00000000e3d80000)
  from space 10240K, 70% used [0x00000000e3d80000,0x00000000e44875d8,0x00000000e4780000)
  to   space 10240K, 0% used [0x00000000e7d00000,0x00000000e7d00000,0x00000000e8700000)
 ParOldGen       total 50176K, used 8243K [0x00000000a0000000, 0x00000000a3100000, 0x00000000e0000000)
  object space 50176K, 16% used [0x00000000a0000000,0x00000000a080cd08,0x00000000a3100000)
 Metaspace       used 34600K, capacity 35196K, committed 35416K, reserved 1079296K
  class space    used 4776K, capacity 4972K, committed 4992K, reserved 1048576K
Event: 27.537 GC heap after
Heap after GC invocations=9 (full 1):
 PSYoungGen      total 125952K, used 10216K [0x00000000e0000000, 0x00000000e8800000, 0x0000000100000000)
  eden space 115712K, 0% used [0x00000000e0000000,0x00000000e0000000,0x00000000e7100000)
  from space 10240K, 99% used [0x00000000e7d00000,0x00000000e86fa030,0x00000000e8700000)
  to   space 11776K, 0% used [0x00000000e7100000,0x00000000e7100000,0x00000000e7c80000)
 ParOldGen       total 50176K, used 8823K [0x00000000a0000000, 0x00000000a3100000, 0x00000000e0000000)
  object space 50176K, 17% used [0x00000000a0000000,0x00000000a089dcf8,0x00000000a3100000)
 Metaspace       used 34600K, capacity 35196K, committed 35416K, reserved 1079296K
  class space    used 4776K, capacity 4972K, committed 4992K, reserved 1048576K
}
Event: 27.537 GC heap before
{Heap before GC invocations=10 (full 2):
 PSYoungGen      total 125952K, used 10216K [0x00000000e0000000, 0x00000000e8800000, 0x0000000100000000)
  eden space 115712K, 0% used [0x00000000e0000000,0x00000000e0000000,0x00000000e7100000)
  from space 10240K, 99% used [0x00000000e7d00000,0x00000000e86fa030,0x00000000e8700000)
  to   space 11776K, 0% used [0x00000000e7100000,0x00000000e7100000,0x00000000e7c80000)
 ParOldGen       total 50176K, used 8823K [0x00000000a0000000, 0x00000000a3100000, 0x00000000e0000000)
  object space 50176K, 17% used [0x00000000a0000000,0x00000000a089dcf8,0x00000000a3100000)
 Metaspace       used 34600K, capacity 35196K, committed 35416K, reserved 1079296K
  class space    used 4776K, capacity 4972K, committed 4992K, reserved 1048576K
Event: 27.645 GC heap after
Heap after GC invocations=10 (full 2):
 PSYoungGen      total 125952K, used 0K [0x00000000e0000000, 0x00000000e8800000, 0x0000000100000000)
  eden space 115712K, 0% used [0x00000000e0000000,0x00000000e0000000,0x00000000e7100000)
  from space 10240K, 0% used [0x00000000e7d00000,0x00000000e7d00000,0x00000000e8700000)
  to   space 11776K, 0% used [0x00000000e7100000,0x00000000e7100000,0x00000000e7c80000)
 ParOldGen       total 74240K, used 17388K [0x00000000a0000000, 0x00000000a4880000, 0x00000000e0000000)
  object space 74240K, 23% used [0x00000000a0000000,0x00000000a10fb220,0x00000000a4880000)
 Metaspace       used 34600K, capacity 35196K, committed 35416K, reserved 1079296K
  class space    used 4776K, capacity 4972K, committed 4992K, reserved 1048576K
}
Event: 29.879 GC heap before
{Heap before GC invocations=11 (full 2):
 PSYoungGen      total 125952K, used 115712K [0x00000000e0000000, 0x00000000e8800000, 0x0000000100000000)
  eden space 115712K, 100% used [0x00000000e0000000,0x00000000e7100000,0x00000000e7100000)
  from space 10240K, 0% used [0x00000000e7d00000,0x00000000e7d00000,0x00000000e8700000)
  to   space 11776K, 0% used [0x00000000e7100000,0x00000000e7100000,0x00000000e7c80000)
 ParOldGen       total 74240K, used 17388K [0x00000000a0000000, 0x00000000a4880000, 0x00000000e0000000)
  object space 74240K, 23% used [0x00000000a0000000,0x00000000a10fb220,0x00000000a4880000)
 Metaspace       used 41947K, capacity 42854K, committed 43224K, reserved 1087488K
  class space    used 5754K, capacity 6034K, committed 6144K, reserved 1048576K
Event: 29.904 GC heap after
Heap after GC invocations=11 (full 2):
 PSYoungGen      total 127488K, used 11744K [0x00000000e0000000, 0x00000000eb480000, 0x0000000100000000)
  eden space 115712K, 0% used [0x00000000e0000000,0x00000000e0000000,0x00000000e7100000)
  from space 11776K, 99% used [0x00000000e7100000,0x00000000e7c78110,0x00000000e7c80000)
  to   space 13824K, 0% used [0x00000000ea700000,0x00000000ea700000,0x00000000eb480000)
 ParOldGen       total 74240K, used 18527K [0x00000000a0000000, 0x00000000a4880000, 0x00000000e0000000)
  object space 74240K, 24% used [0x00000000a0000000,0x00000000a1217c30,0x00000000a4880000)
 Metaspace       used 41947K, capacity 42854K, committed 43224K, reserved 1087488K
  class space    used 5754K, capacity 6034K, committed 6144K, reserved 1048576K
}
Event: 32.517 GC heap before
{Heap before GC invocations=12 (full 2):
 PSYoungGen      total 127488K, used 127456K [0x00000000e0000000, 0x00000000eb480000, 0x0000000100000000)
  eden space 115712K, 100% used [0x00000000e0000000,0x00000000e7100000,0x00000000e7100000)
  from space 11776K, 99% used [0x00000000e7100000,0x00000000e7c78110,0x00000000e7c80000)
  to   space 13824K, 0% used [0x00000000ea700000,0x00000000ea700000,0x00000000eb480000)
 ParOldGen       total 74240K, used 18527K [0x00000000a0000000, 0x00000000a4880000, 0x00000000e0000000)
  object space 74240K, 24% used [0x00000000a0000000,0x00000000a1217c30,0x00000000a4880000)
 Metaspace       used 52838K, capacity 54434K, committed 54488K, reserved 1095680K
  class space    used 7276K, capacity 7670K, committed 7680K, reserved 1048576K
Event: 32.564 GC heap after
Heap after GC invocations=12 (full 2):
 PSYoungGen      total 167424K, used 13806K [0x00000000e0000000, 0x00000000ebd00000, 0x0000000100000000)
  eden space 153600K, 0% used [0x00000000e0000000,0x00000000e0000000,0x00000000e9600000)
  from space 13824K, 99% used [0x00000000ea700000,0x00000000eb47bbe8,0x00000000eb480000)
  to   space 17408K, 0% used [0x00000000e9600000,0x00000000e9600000,0x00000000ea700000)
 ParOldGen       total 74240K, used 23880K [0x00000000a0000000, 0x00000000a4880000, 0x00000000e0000000)
  object space 74240K, 32% used [0x00000000a0000000,0x00000000a17520e0,0x00000000a4880000)
 Metaspace       used 52838K, capacity 54434K, committed 54488K, reserved 1095680K
  class space    used 7276K, capacity 7670K, committed 7680K, reserved 1048576K
}

