# JRE version: OpenJDK Runtime Environment (8.0_152-b02) (build 1.8.0_152-release-1024-b02)
# Java VM: OpenJDK 64-Bit Server VM (25.152-b02 mixed mode windows-amd64 compressed oops)
Heap:
 PSYoungGen      total 88064K, used 32262K [0x00000000e0000000, 0x00000000e8100000, 0x0000000100000000)
  eden space 76800K, 42% used [0x00000000e0000000,0x00000000e1f818c8,0x00000000e4b00000)
  from space 11264K, 0% used [0x00000000e4b00000,0x00000000e4b00000,0x00000000e5600000)
  to   space 11264K, 0% used [0x00000000e7600000,0x00000000e7600000,0x00000000e8100000)
 ParOldGen       total 59904K, used 14505K [0x00000000a0000000, 0x00000000a3a80000, 0x00000000e0000000)
  object space 59904K, 24% used [0x00000000a0000000,0x00000000a0e2a760,0x00000000a3a80000)
 Metaspace       used 36554K, capacity 37244K, committed 37592K, reserved 1081344K
  class space    used 5012K, capacity 5270K, committed 5376K, reserved 1048576K
GC Heap History (10 events):
Event: 9.777 GC heap before
{Heap before GC invocations=7 (full 1):
 PSYoungGen      total 38400K, used 33280K [0x00000000e0000000, 0x00000000e5500000, 0x0000000100000000)
  eden space 33280K, 100% used [0x00000000e0000000,0x00000000e2080000,0x00000000e2080000)
  from space 5120K, 0% used [0x00000000e2080000,0x00000000e2080000,0x00000000e2580000)
  to   space 10240K, 0% used [0x00000000e4b00000,0x00000000e4b00000,0x00000000e5500000)
 ParOldGen       total 59904K, used 8146K [0x00000000a0000000, 0x00000000a3a80000, 0x00000000e0000000)
  object space 59904K, 13% used [0x00000000a0000000,0x00000000a07f4928,0x00000000a3a80000)
 Metaspace       used 24155K, capacity 24576K, committed 24832K, reserved 1071104K
  class space    used 3323K, capacity 3495K, committed 3584K, reserved 1048576K
Event: 9.787 GC heap after
Heap after GC invocations=7 (full 1):
 PSYoungGen      total 56320K, used 4156K [0x00000000e0000000, 0x00000000e4f80000, 0x0000000100000000)
  eden space 51712K, 0% used [0x00000000e0000000,0x00000000e0000000,0x00000000e3280000)
  from space 4608K, 90% used [0x00000000e4b00000,0x00000000e4f0f280,0x00000000e4f80000)
  to   space 10240K, 0% used [0x00000000e3b80000,0x00000000e3b80000,0x00000000e4580000)
 ParOldGen       total 59904K, used 8154K [0x00000000a0000000, 0x00000000a3a80000, 0x00000000e0000000)
  object space 59904K, 13% used [0x00000000a0000000,0x00000000a07f6928,0x00000000a3a80000)
 Metaspace       used 24155K, capacity 24576K, committed 24832K, reserved 1071104K
  class space    used 3323K, capacity 3495K, committed 3584K, reserved 1048576K
}
Event: 13.290 GC heap before
{Heap before GC invocations=8 (full 1):
 PSYoungGen      total 56320K, used 55868K [0x00000000e0000000, 0x00000000e4f80000, 0x0000000100000000)
  eden space 51712K, 100% used [0x00000000e0000000,0x00000000e3280000,0x00000000e3280000)
  from space 4608K, 90% used [0x00000000e4b00000,0x00000000e4f0f280,0x00000000e4f80000)
  to   space 10240K, 0% used [0x00000000e3b80000,0x00000000e3b80000,0x00000000e4580000)
 ParOldGen       total 59904K, used 8154K [0x00000000a0000000, 0x00000000a3a80000, 0x00000000e0000000)
  object space 59904K, 13% used [0x00000000a0000000,0x00000000a07f6928,0x00000000a3a80000)
 Metaspace       used 27742K, capacity 28208K, committed 28416K, reserved 1073152K
  class space    used 3877K, capacity 4021K, committed 4096K, reserved 1048576K
Event: 13.311 GC heap after
Heap after GC invocations=8 (full 1):
 PSYoungGen      total 71168K, used 6469K [0x00000000e0000000, 0x00000000e5f80000, 0x0000000100000000)
  eden space 60928K, 0% used [0x00000000e0000000,0x00000000e0000000,0x00000000e3b80000)
  from space 10240K, 63% used [0x00000000e3b80000,0x00000000e41d1550,0x00000000e4580000)
  to   space 9728K, 0% used [0x00000000e5600000,0x00000000e5600000,0x00000000e5f80000)
 ParOldGen       total 59904K, used 8162K [0x00000000a0000000, 0x00000000a3a80000, 0x00000000e0000000)
  object space 59904K, 13% used [0x00000000a0000000,0x00000000a07f8928,0x00000000a3a80000)
 Metaspace       used 27742K, capacity 28208K, committed 28416K, reserved 1073152K
  class space    used 3877K, capacity 4021K, committed 4096K, reserved 1048576K
}
Event: 15.146 GC heap before
{Heap before GC invocations=9 (full 1):
 PSYoungGen      total 71168K, used 67397K [0x00000000e0000000, 0x00000000e5f80000, 0x0000000100000000)
  eden space 60928K, 100% used [0x00000000e0000000,0x00000000e3b80000,0x00000000e3b80000)
  from space 10240K, 63% used [0x00000000e3b80000,0x00000000e41d1550,0x00000000e4580000)
  to   space 9728K, 0% used [0x00000000e5600000,0x00000000e5600000,0x00000000e5f80000)
 ParOldGen       total 59904K, used 8162K [0x00000000a0000000, 0x00000000a3a80000, 0x00000000e0000000)
  object space 59904K, 13% used [0x00000000a0000000,0x00000000a07f8928,0x00000000a3a80000)
 Metaspace       used 33457K, capacity 34052K, committed 34432K, reserved 1079296K
  class space    used 4663K, capacity 4866K, committed 4992K, reserved 1048576K
Event: 15.166 GC heap after
Heap after GC invocations=9 (full 1):
 PSYoungGen      total 86528K, used 9727K [0x00000000e0000000, 0x00000000e7080000, 0x0000000100000000)
  eden space 76800K, 0% used [0x00000000e0000000,0x00000000e0000000,0x00000000e4b00000)
  from space 9728K, 99% used [0x00000000e5600000,0x00000000e5f7feb0,0x00000000e5f80000)
  to   space 11264K, 0% used [0x00000000e4b00000,0x00000000e4b00000,0x00000000e5600000)
 ParOldGen       total 59904K, used 9006K [0x00000000a0000000, 0x00000000a3a80000, 0x00000000e0000000)
  object space 59904K, 15% used [0x00000000a0000000,0x00000000a08cb8c8,0x00000000a3a80000)
 Metaspace       used 33457K, capacity 34052K, committed 34432K, reserved 1079296K
  class space    used 4663K, capacity 4866K, committed 4992K, reserved 1048576K
}
Event: 15.337 GC heap before
{Heap before GC invocations=10 (full 1):
 PSYoungGen      total 86528K, used 16626K [0x00000000e0000000, 0x00000000e7080000, 0x0000000100000000)
  eden space 76800K, 8% used [0x00000000e0000000,0x00000000e06bcb80,0x00000000e4b00000)
  from space 9728K, 99% used [0x00000000e5600000,0x00000000e5f7feb0,0x00000000e5f80000)
  to   space 11264K, 0% used [0x00000000e4b00000,0x00000000e4b00000,0x00000000e5600000)
 ParOldGen       total 59904K, used 9006K [0x00000000a0000000, 0x00000000a3a80000, 0x00000000e0000000)
  object space 59904K, 15% used [0x00000000a0000000,0x00000000a08cb8c8,0x00000000a3a80000)
 Metaspace       used 34716K, capacity 35260K, committed 35416K, reserved 1079296K
  class space    used 4788K, capacity 4972K, committed 4992K, reserved 1048576K
Event: 15.349 GC heap after
Heap after GC invocations=10 (full 1):
 PSYoungGen      total 88064K, used 7903K [0x00000000e0000000, 0x00000000e8100000, 0x0000000100000000)
  eden space 76800K, 0% used [0x00000000e0000000,0x00000000e0000000,0x00000000e4b00000)
  from space 11264K, 70% used [0x00000000e4b00000,0x00000000e52b7f78,0x00000000e5600000)
  to   space 11264K, 0% used [0x00000000e7600000,0x00000000e7600000,0x00000000e8100000)
 ParOldGen       total 59904K, used 9014K [0x00000000a0000000, 0x00000000a3a80000, 0x00000000e0000000)
  object space 59904K, 15% used [0x00000000a0000000,0x00000000a08cd8c8,0x00000000a3a80000)
 Metaspace       used 34716K, capacity 35260K, committed 35416K, reserved 1079296K
  class space    used 4788K, capacity 4972K, committed 4992K, reserved 1048576K
}
Event: 15.350 GC heap before
{Heap before GC invocations=11 (full 2):
 PSYoungGen      total 88064K, used 7903K [0x00000000e0000000, 0x00000000e8100000, 0x0000000100000000)
  eden space 76800K, 0% used [0x00000000e0000000,0x00000000e0000000,0x00000000e4b00000)
  from space 11264K, 70% used [0x00000000e4b00000,0x00000000e52b7f78,0x00000000e5600000)
  to   space 11264K, 0% used [0x00000000e7600000,0x00000000e7600000,0x00000000e8100000)
 ParOldGen       total 59904K, used 9014K [0x00000000a0000000, 0x00000000a3a80000, 0x00000000e0000000)
  object space 59904K, 15% used [0x00000000a0000000,0x00000000a08cd8c8,0x00000000a3a80000)
 Metaspace       used 34716K, capacity 35260K, committed 35416K, reserved 1079296K
  class space    used 4788K, capacity 4972K, committed 4992K, reserved 1048576K
Event: 15.461 GC heap after
Heap after GC invocations=11 (full 2):
 PSYoungGen      total 88064K, used 0K [0x00000000e0000000, 0x00000000e8100000, 0x0000000100000000)
  eden space 76800K, 0% used [0x00000000e0000000,0x00000000e0000000,0x00000000e4b00000)
  from space 11264K, 0% used [0x00000000e4b00000,0x00000000e4b00000,0x00000000e5600000)
  to   space 11264K, 0% used [0x00000000e7600000,0x00000000e7600000,0x00000000e8100000)
 ParOldGen       total 59904K, used 14505K [0x00000000a0000000, 0x00000000a3a80000, 0x00000000e0000000)
  object space 59904K, 24% used [0x00000000a0000000,0x00000000a0e2a760,0x00000000a3a80000)
 Metaspace       used 34716K, capacity 35260K, committed 35416K, reserved 1079296K
  class space    used 4788K, capacity 4972K, committed 4992K, reserved 1048576K
}

